23-Sep-20 11:50:37 - ==================================================Run 1==================================================
23-Sep-20 11:50:37 - using device cpu
23-Sep-20 11:50:37 - Episode 1...
23-Sep-20 11:50:37 - Child Network: 1 (best: 0), Rollout: [{'attention': 'gat', 'heads': 2, 'aggregation': 'max', 'activation': 'tanh', 'hidden_features': 12, 'in_tile_size': 3, 'out_tile_size': 3, 'aggr_tile_size': 4, 'attn_tile_size': 8, 'act_tile_size': 4}], Reward: 0 (0)
23-Sep-20 11:50:37 - Child Network: 2 (best: 0), Rollout: [{'attention': 'gcn', 'heads': 1, 'aggregation': 'add', 'activation': 'sigmoid', 'hidden_features': 16, 'in_tile_size': 2, 'out_tile_size': 4, 'aggr_tile_size': 8, 'attn_tile_size': 4, 'act_tile_size': 1}], Reward: 0 (0)
23-Sep-20 11:50:37 - Child Network: 3 (best: 0), Rollout: [{'attention': 'gat', 'heads': 16, 'aggregation': 'add', 'activation': 'elu', 'hidden_features': 64, 'in_tile_size': 1, 'out_tile_size': 5, 'aggr_tile_size': 8, 'attn_tile_size': 4, 'act_tile_size': 3}], Reward: 0 (0)
23-Sep-20 11:50:37 - Child Network: 4 (best: 0), Rollout: [{'attention': 'gat', 'heads': 1, 'aggregation': 'add', 'activation': 'sigmoid', 'hidden_features': 4, 'in_tile_size': 3, 'out_tile_size': 2, 'aggr_tile_size': 8, 'attn_tile_size': 8, 'act_tile_size': 2}], Reward: 0 (0)
23-Sep-20 11:50:37 - Child Network: 5 (best: 0), Rollout: [{'attention': 'constant', 'heads': 8, 'aggregation': 'add', 'activation': 'sigmoid', 'hidden_features': 4, 'in_tile_size': 1, 'out_tile_size': 1, 'aggr_tile_size': 2, 'attn_tile_size': 1, 'act_tile_size': 1}], Reward: 0 (0)
23-Sep-20 11:50:37 - Episode 2...
23-Sep-20 11:50:37 - Child Network: 6 (best: 0), Rollout: [{'attention': 'gat', 'heads': 2, 'aggregation': 'max', 'activation': 'tanh', 'hidden_features': 32, 'in_tile_size': 2, 'out_tile_size': 2, 'aggr_tile_size': 1, 'attn_tile_size': 1, 'act_tile_size': 1}], Reward: 0 (0)
23-Sep-20 11:50:37 - Child Network: 7 (best: 0), Rollout: [{'attention': 'gat', 'heads': 2, 'aggregation': 'add', 'activation': 'sigmoid', 'hidden_features': 64, 'in_tile_size': 3, 'out_tile_size': 2, 'aggr_tile_size': 2, 'attn_tile_size': 1, 'act_tile_size': 2}], Reward: 0 (0)
23-Sep-20 11:50:37 - Child Network: 8 (best: 0), Rollout: [{'attention': 'gcn', 'heads': 16, 'aggregation': 'add', 'activation': 'elu', 'hidden_features': 64, 'in_tile_size': 1, 'out_tile_size': 5, 'aggr_tile_size': 1, 'attn_tile_size': 8, 'act_tile_size': 1}], Reward: 0 (0)
23-Sep-20 11:50:37 - Child Network: 9 (best: 0), Rollout: [{'attention': 'gat', 'heads': 4, 'aggregation': 'max', 'activation': 'elu', 'hidden_features': 32, 'in_tile_size': 5, 'out_tile_size': 3, 'aggr_tile_size': 2, 'attn_tile_size': 4, 'act_tile_size': 1}], Reward: 0 (0)
23-Sep-20 11:50:37 - Child Network: 10 (best: 0), Rollout: [{'attention': 'constant', 'heads': 8, 'aggregation': 'add', 'activation': 'elu', 'hidden_features': 4, 'in_tile_size': 3, 'out_tile_size': 1, 'aggr_tile_size': 4, 'attn_tile_size': 4, 'act_tile_size': 2}], Reward: 0 (0)
23-Sep-20 11:50:37 - Episode 3...
23-Sep-20 11:50:37 - Child Network: 11 (best: 0), Rollout: [{'attention': 'constant', 'heads': 16, 'aggregation': 'add', 'activation': 'tanh', 'hidden_features': 8, 'in_tile_size': 5, 'out_tile_size': 5, 'aggr_tile_size': 8, 'attn_tile_size': 2, 'act_tile_size': 4}], Reward: 0 (0)
23-Sep-20 11:50:37 - Child Network: 12 (best: 0), Rollout: [{'attention': 'gat', 'heads': 4, 'aggregation': 'mean', 'activation': 'relu', 'hidden_features': 12, 'in_tile_size': 4, 'out_tile_size': 3, 'aggr_tile_size': 2, 'attn_tile_size': 8, 'act_tile_size': 3}], Reward: 0 (0)
23-Sep-20 11:50:37 - Child Network: 13 (best: 0), Rollout: [{'attention': 'gat', 'heads': 2, 'aggregation': 'max', 'activation': 'relu', 'hidden_features': 8, 'in_tile_size': 1, 'out_tile_size': 5, 'aggr_tile_size': 2, 'attn_tile_size': 4, 'act_tile_size': 2}], Reward: 0 (0)
23-Sep-20 11:50:37 - Child Network: 14 (best: 0), Rollout: [{'attention': 'gat', 'heads': 2, 'aggregation': 'add', 'activation': 'tanh', 'hidden_features': 64, 'in_tile_size': 3, 'out_tile_size': 4, 'aggr_tile_size': 2, 'attn_tile_size': 8, 'act_tile_size': 1}], Reward: 0 (0)
23-Sep-20 11:50:37 - Child Network: 15 (best: 0), Rollout: [{'attention': 'constant', 'heads': 4, 'aggregation': 'mean', 'activation': 'sigmoid', 'hidden_features': 16, 'in_tile_size': 2, 'out_tile_size': 5, 'aggr_tile_size': 8, 'attn_tile_size': 2, 'act_tile_size': 4}], Reward: 0 (0)
23-Sep-20 11:50:37 - Episode 4...
23-Sep-20 11:50:37 - Child Network: 16 (best: 0), Rollout: [{'attention': 'gcn', 'heads': 4, 'aggregation': 'max', 'activation': 'elu', 'hidden_features': 16, 'in_tile_size': 1, 'out_tile_size': 2, 'aggr_tile_size': 4, 'attn_tile_size': 2, 'act_tile_size': 2}], Reward: 0 (0)
23-Sep-20 11:50:37 - Child Network: 17 (best: 0), Rollout: [{'attention': 'gcn', 'heads': 16, 'aggregation': 'mean', 'activation': 'relu', 'hidden_features': 12, 'in_tile_size': 1, 'out_tile_size': 1, 'aggr_tile_size': 8, 'attn_tile_size': 1, 'act_tile_size': 2}], Reward: 0 (0)
23-Sep-20 11:50:37 - Child Network: 18 (best: 0), Rollout: [{'attention': 'constant', 'heads': 16, 'aggregation': 'add', 'activation': 'tanh', 'hidden_features': 32, 'in_tile_size': 4, 'out_tile_size': 1, 'aggr_tile_size': 2, 'attn_tile_size': 1, 'act_tile_size': 1}], Reward: 0 (0)
23-Sep-20 11:50:37 - Child Network: 19 (best: 0), Rollout: [{'attention': 'constant', 'heads': 1, 'aggregation': 'max', 'activation': 'elu', 'hidden_features': 16, 'in_tile_size': 3, 'out_tile_size': 1, 'aggr_tile_size': 2, 'attn_tile_size': 2, 'act_tile_size': 4}], Reward: 0 (0)
23-Sep-20 11:50:37 - Child Network: 20 (best: 0), Rollout: [{'attention': 'gat', 'heads': 8, 'aggregation': 'max', 'activation': 'sigmoid', 'hidden_features': 32, 'in_tile_size': 2, 'out_tile_size': 1, 'aggr_tile_size': 4, 'attn_tile_size': 4, 'act_tile_size': 3}], Reward: 0 (0)
23-Sep-20 11:50:37 - Episode 5...
23-Sep-20 11:50:37 - Child Network: 21 (best: 0), Rollout: [{'attention': 'constant', 'heads': 1, 'aggregation': 'add', 'activation': 'tanh', 'hidden_features': 12, 'in_tile_size': 3, 'out_tile_size': 1, 'aggr_tile_size': 4, 'attn_tile_size': 1, 'act_tile_size': 2}], Reward: 0 (0)
23-Sep-20 11:50:37 - Child Network: 22 (best: 0), Rollout: [{'attention': 'gcn', 'heads': 4, 'aggregation': 'add', 'activation': 'sigmoid', 'hidden_features': 64, 'in_tile_size': 1, 'out_tile_size': 2, 'aggr_tile_size': 1, 'attn_tile_size': 2, 'act_tile_size': 1}], Reward: 0 (0)
23-Sep-20 11:50:37 - Child Network: 23 (best: 0), Rollout: [{'attention': 'constant', 'heads': 8, 'aggregation': 'max', 'activation': 'tanh', 'hidden_features': 8, 'in_tile_size': 2, 'out_tile_size': 2, 'aggr_tile_size': 1, 'attn_tile_size': 1, 'act_tile_size': 1}], Reward: 0 (0)
23-Sep-20 11:50:37 - Child Network: 24 (best: 0), Rollout: [{'attention': 'gcn', 'heads': 4, 'aggregation': 'max', 'activation': 'elu', 'hidden_features': 64, 'in_tile_size': 5, 'out_tile_size': 3, 'aggr_tile_size': 8, 'attn_tile_size': 4, 'act_tile_size': 4}], Reward: 0 (0)
23-Sep-20 11:50:37 - Child Network: 25 (best: 0), Rollout: [{'attention': 'gcn', 'heads': 2, 'aggregation': 'mean', 'activation': 'sigmoid', 'hidden_features': 12, 'in_tile_size': 3, 'out_tile_size': 3, 'aggr_tile_size': 2, 'attn_tile_size': 8, 'act_tile_size': 3}], Reward: 0 (0)
23-Sep-20 11:50:37 - Episode 6...
23-Sep-20 11:50:37 - Child Network: 26 (best: 0), Rollout: [{'attention': 'gcn', 'heads': 1, 'aggregation': 'mean', 'activation': 'sigmoid', 'hidden_features': 32, 'in_tile_size': 2, 'out_tile_size': 1, 'aggr_tile_size': 4, 'attn_tile_size': 2, 'act_tile_size': 3}], Reward: 0 (0)
23-Sep-20 11:50:37 - Child Network: 27 (best: 0), Rollout: [{'attention': 'gcn', 'heads': 16, 'aggregation': 'add', 'activation': 'elu', 'hidden_features': 64, 'in_tile_size': 4, 'out_tile_size': 4, 'aggr_tile_size': 2, 'attn_tile_size': 1, 'act_tile_size': 4}], Reward: 0 (0)
23-Sep-20 11:50:37 - Child Network: 28 (best: 0), Rollout: [{'attention': 'gat', 'heads': 4, 'aggregation': 'mean', 'activation': 'elu', 'hidden_features': 4, 'in_tile_size': 1, 'out_tile_size': 5, 'aggr_tile_size': 4, 'attn_tile_size': 8, 'act_tile_size': 5}], Reward: 0 (0)
23-Sep-20 11:50:37 - Child Network: 29 (best: 0), Rollout: [{'attention': 'gcn', 'heads': 1, 'aggregation': 'add', 'activation': 'tanh', 'hidden_features': 64, 'in_tile_size': 2, 'out_tile_size': 5, 'aggr_tile_size': 2, 'attn_tile_size': 2, 'act_tile_size': 3}], Reward: 0 (0)
23-Sep-20 11:50:37 - Child Network: 30 (best: 0), Rollout: [{'attention': 'gat', 'heads': 4, 'aggregation': 'max', 'activation': 'relu', 'hidden_features': 8, 'in_tile_size': 4, 'out_tile_size': 5, 'aggr_tile_size': 8, 'attn_tile_size': 4, 'act_tile_size': 4}], Reward: 0 (0)
23-Sep-20 11:50:37 - Episode 7...
23-Sep-20 11:50:37 - Child Network: 31 (best: 0), Rollout: [{'attention': 'gat', 'heads': 16, 'aggregation': 'max', 'activation': 'elu', 'hidden_features': 12, 'in_tile_size': 3, 'out_tile_size': 1, 'aggr_tile_size': 8, 'attn_tile_size': 8, 'act_tile_size': 4}], Reward: 0 (0)
23-Sep-20 11:50:37 - Child Network: 32 (best: 0), Rollout: [{'attention': 'gcn', 'heads': 2, 'aggregation': 'mean', 'activation': 'sigmoid', 'hidden_features': 32, 'in_tile_size': 4, 'out_tile_size': 3, 'aggr_tile_size': 2, 'attn_tile_size': 8, 'act_tile_size': 1}], Reward: 0 (0)
23-Sep-20 11:50:37 - Child Network: 33 (best: 0), Rollout: [{'attention': 'gat', 'heads': 1, 'aggregation': 'max', 'activation': 'elu', 'hidden_features': 64, 'in_tile_size': 5, 'out_tile_size': 1, 'aggr_tile_size': 4, 'attn_tile_size': 4, 'act_tile_size': 1}], Reward: 0 (0)
23-Sep-20 11:50:37 - Child Network: 34 (best: 0), Rollout: [{'attention': 'gcn', 'heads': 16, 'aggregation': 'max', 'activation': 'tanh', 'hidden_features': 32, 'in_tile_size': 4, 'out_tile_size': 2, 'aggr_tile_size': 2, 'attn_tile_size': 2, 'act_tile_size': 5}], Reward: 0 (0)
23-Sep-20 11:50:37 - Child Network: 35 (best: 0), Rollout: [{'attention': 'constant', 'heads': 2, 'aggregation': 'mean', 'activation': 'relu', 'hidden_features': 12, 'in_tile_size': 1, 'out_tile_size': 2, 'aggr_tile_size': 4, 'attn_tile_size': 4, 'act_tile_size': 2}], Reward: 0 (0)
23-Sep-20 11:50:37 - Episode 8...
23-Sep-20 11:50:37 - Child Network: 36 (best: 0), Rollout: [{'attention': 'gat', 'heads': 16, 'aggregation': 'max', 'activation': 'tanh', 'hidden_features': 12, 'in_tile_size': 1, 'out_tile_size': 2, 'aggr_tile_size': 4, 'attn_tile_size': 1, 'act_tile_size': 4}], Reward: 0 (0)
23-Sep-20 11:50:37 - Child Network: 37 (best: 0), Rollout: [{'attention': 'gcn', 'heads': 2, 'aggregation': 'add', 'activation': 'sigmoid', 'hidden_features': 32, 'in_tile_size': 2, 'out_tile_size': 5, 'aggr_tile_size': 8, 'attn_tile_size': 4, 'act_tile_size': 4}], Reward: 0 (0)
23-Sep-20 11:50:37 - Child Network: 38 (best: 0), Rollout: [{'attention': 'gcn', 'heads': 4, 'aggregation': 'add', 'activation': 'elu', 'hidden_features': 32, 'in_tile_size': 3, 'out_tile_size': 3, 'aggr_tile_size': 8, 'attn_tile_size': 4, 'act_tile_size': 4}], Reward: 0 (0)
23-Sep-20 11:50:37 - Child Network: 39 (best: 0), Rollout: [{'attention': 'gcn', 'heads': 8, 'aggregation': 'add', 'activation': 'relu', 'hidden_features': 8, 'in_tile_size': 4, 'out_tile_size': 4, 'aggr_tile_size': 2, 'attn_tile_size': 2, 'act_tile_size': 1}], Reward: 0 (0)
23-Sep-20 11:50:37 - Child Network: 40 (best: 0), Rollout: [{'attention': 'gcn', 'heads': 1, 'aggregation': 'mean', 'activation': 'tanh', 'hidden_features': 32, 'in_tile_size': 4, 'out_tile_size': 4, 'aggr_tile_size': 2, 'attn_tile_size': 8, 'act_tile_size': 3}], Reward: 0 (0)
23-Sep-20 11:50:37 - Episode 9...
23-Sep-20 11:50:37 - Child Network: 41 (best: 0), Rollout: [{'attention': 'gat', 'heads': 8, 'aggregation': 'add', 'activation': 'tanh', 'hidden_features': 4, 'in_tile_size': 2, 'out_tile_size': 4, 'aggr_tile_size': 2, 'attn_tile_size': 8, 'act_tile_size': 4}], Reward: 0 (0)
23-Sep-20 11:50:37 - Child Network: 42 (best: 0), Rollout: [{'attention': 'gcn', 'heads': 4, 'aggregation': 'max', 'activation': 'elu', 'hidden_features': 64, 'in_tile_size': 5, 'out_tile_size': 5, 'aggr_tile_size': 2, 'attn_tile_size': 2, 'act_tile_size': 5}], Reward: 0 (0)
23-Sep-20 11:50:37 - Child Network: 43 (best: 0), Rollout: [{'attention': 'constant', 'heads': 1, 'aggregation': 'mean', 'activation': 'relu', 'hidden_features': 12, 'in_tile_size': 5, 'out_tile_size': 1, 'aggr_tile_size': 1, 'attn_tile_size': 1, 'act_tile_size': 4}], Reward: 0 (0)
23-Sep-20 11:50:37 - Child Network: 44 (best: 0), Rollout: [{'attention': 'gcn', 'heads': 8, 'aggregation': 'mean', 'activation': 'sigmoid', 'hidden_features': 16, 'in_tile_size': 5, 'out_tile_size': 4, 'aggr_tile_size': 8, 'attn_tile_size': 1, 'act_tile_size': 1}], Reward: 0 (0)
23-Sep-20 11:50:37 - Child Network: 45 (best: 0), Rollout: [{'attention': 'gat', 'heads': 2, 'aggregation': 'max', 'activation': 'elu', 'hidden_features': 64, 'in_tile_size': 2, 'out_tile_size': 5, 'aggr_tile_size': 4, 'attn_tile_size': 2, 'act_tile_size': 3}], Reward: 0 (0)
23-Sep-20 11:50:37 - Episode 10...
23-Sep-20 11:50:37 - Child Network: 46 (best: 0), Rollout: [{'attention': 'gat', 'heads': 2, 'aggregation': 'max', 'activation': 'relu', 'hidden_features': 32, 'in_tile_size': 1, 'out_tile_size': 3, 'aggr_tile_size': 2, 'attn_tile_size': 2, 'act_tile_size': 4}], Reward: 0 (0)
23-Sep-20 11:50:37 - Child Network: 47 (best: 0), Rollout: [{'attention': 'gcn', 'heads': 16, 'aggregation': 'add', 'activation': 'elu', 'hidden_features': 32, 'in_tile_size': 2, 'out_tile_size': 3, 'aggr_tile_size': 1, 'attn_tile_size': 8, 'act_tile_size': 3}], Reward: 0 (0)
23-Sep-20 11:50:37 - Child Network: 48 (best: 0), Rollout: [{'attention': 'gat', 'heads': 1, 'aggregation': 'add', 'activation': 'elu', 'hidden_features': 8, 'in_tile_size': 4, 'out_tile_size': 4, 'aggr_tile_size': 8, 'attn_tile_size': 2, 'act_tile_size': 4}], Reward: 0 (0)
23-Sep-20 11:50:37 - Child Network: 49 (best: 0), Rollout: [{'attention': 'gcn', 'heads': 8, 'aggregation': 'max', 'activation': 'elu', 'hidden_features': 32, 'in_tile_size': 4, 'out_tile_size': 4, 'aggr_tile_size': 1, 'attn_tile_size': 1, 'act_tile_size': 4}], Reward: 0 (0)
23-Sep-20 11:50:37 - Child Network: 50 (best: 0), Rollout: [{'attention': 'gat', 'heads': 16, 'aggregation': 'max', 'activation': 'sigmoid', 'hidden_features': 32, 'in_tile_size': 4, 'out_tile_size': 2, 'aggr_tile_size': 4, 'attn_tile_size': 1, 'act_tile_size': 3}], Reward: 0 (0)
23-Sep-20 11:50:37 - Episode 11...
23-Sep-20 11:50:37 - Child Network: 51 (best: 0), Rollout: [{'attention': 'constant', 'heads': 16, 'aggregation': 'mean', 'activation': 'relu', 'hidden_features': 32, 'in_tile_size': 1, 'out_tile_size': 2, 'aggr_tile_size': 4, 'attn_tile_size': 4, 'act_tile_size': 4}], Reward: 0 (0)
23-Sep-20 11:50:37 - Child Network: 52 (best: 0), Rollout: [{'attention': 'gcn', 'heads': 8, 'aggregation': 'max', 'activation': 'relu', 'hidden_features': 16, 'in_tile_size': 3, 'out_tile_size': 2, 'aggr_tile_size': 1, 'attn_tile_size': 2, 'act_tile_size': 5}], Reward: 0 (0)
23-Sep-20 11:50:37 - Child Network: 53 (best: 0), Rollout: [{'attention': 'constant', 'heads': 8, 'aggregation': 'add', 'activation': 'relu', 'hidden_features': 4, 'in_tile_size': 1, 'out_tile_size': 2, 'aggr_tile_size': 8, 'attn_tile_size': 1, 'act_tile_size': 5}], Reward: 0 (0)
23-Sep-20 11:50:37 - Child Network: 54 (best: 0), Rollout: [{'attention': 'gat', 'heads': 1, 'aggregation': 'mean', 'activation': 'sigmoid', 'hidden_features': 12, 'in_tile_size': 1, 'out_tile_size': 3, 'aggr_tile_size': 1, 'attn_tile_size': 1, 'act_tile_size': 4}], Reward: 0 (0)
23-Sep-20 11:50:37 - Child Network: 55 (best: 0), Rollout: [{'attention': 'gcn', 'heads': 2, 'aggregation': 'max', 'activation': 'elu', 'hidden_features': 4, 'in_tile_size': 3, 'out_tile_size': 3, 'aggr_tile_size': 2, 'attn_tile_size': 1, 'act_tile_size': 3}], Reward: 0 (0)
23-Sep-20 11:50:37 - Episode 12...
23-Sep-20 11:50:37 - Child Network: 56 (best: 0), Rollout: [{'attention': 'gat', 'heads': 2, 'aggregation': 'mean', 'activation': 'sigmoid', 'hidden_features': 12, 'in_tile_size': 4, 'out_tile_size': 3, 'aggr_tile_size': 2, 'attn_tile_size': 8, 'act_tile_size': 2}], Reward: 0 (0)
23-Sep-20 11:50:37 - Child Network: 57 (best: 0), Rollout: [{'attention': 'gat', 'heads': 4, 'aggregation': 'mean', 'activation': 'sigmoid', 'hidden_features': 8, 'in_tile_size': 2, 'out_tile_size': 3, 'aggr_tile_size': 8, 'attn_tile_size': 2, 'act_tile_size': 5}], Reward: 0 (0)
23-Sep-20 11:50:37 - Child Network: 58 (best: 0), Rollout: [{'attention': 'constant', 'heads': 8, 'aggregation': 'add', 'activation': 'sigmoid', 'hidden_features': 64, 'in_tile_size': 3, 'out_tile_size': 5, 'aggr_tile_size': 1, 'attn_tile_size': 1, 'act_tile_size': 2}], Reward: 0 (0)
23-Sep-20 11:50:37 - Child Network: 59 (best: 0), Rollout: [{'attention': 'constant', 'heads': 8, 'aggregation': 'max', 'activation': 'elu', 'hidden_features': 12, 'in_tile_size': 1, 'out_tile_size': 4, 'aggr_tile_size': 8, 'attn_tile_size': 8, 'act_tile_size': 5}], Reward: 0 (0)
23-Sep-20 11:50:37 - Child Network: 60 (best: 0), Rollout: [{'attention': 'gat', 'heads': 1, 'aggregation': 'max', 'activation': 'elu', 'hidden_features': 64, 'in_tile_size': 5, 'out_tile_size': 2, 'aggr_tile_size': 4, 'attn_tile_size': 8, 'act_tile_size': 3}], Reward: 0 (0)
23-Sep-20 11:50:37 - Episode 13...
23-Sep-20 11:50:37 - Child Network: 61 (best: 0), Rollout: [{'attention': 'constant', 'heads': 4, 'aggregation': 'max', 'activation': 'relu', 'hidden_features': 12, 'in_tile_size': 3, 'out_tile_size': 2, 'aggr_tile_size': 2, 'attn_tile_size': 1, 'act_tile_size': 5}], Reward: 0 (0)
23-Sep-20 11:50:41 - Child Network: 62 (best: 62), Rollout: [{'attention': 'gcn', 'heads': 2, 'aggregation': 'max', 'activation': 'relu', 'hidden_features': 12, 'in_tile_size': 5, 'out_tile_size': 3, 'aggr_tile_size': 8, 'attn_tile_size': 2, 'act_tile_size': 3}], Reward: 0.684 (0.684)
23-Sep-20 11:50:41 - Child Network: 63 (best: 62), Rollout: [{'attention': 'gat', 'heads': 4, 'aggregation': 'max', 'activation': 'sigmoid', 'hidden_features': 32, 'in_tile_size': 4, 'out_tile_size': 2, 'aggr_tile_size': 1, 'attn_tile_size': 1, 'act_tile_size': 5}], Reward: 0 (0.684)
23-Sep-20 11:50:41 - Child Network: 64 (best: 62), Rollout: [{'attention': 'gat', 'heads': 4, 'aggregation': 'max', 'activation': 'tanh', 'hidden_features': 12, 'in_tile_size': 5, 'out_tile_size': 1, 'aggr_tile_size': 8, 'attn_tile_size': 1, 'act_tile_size': 5}], Reward: 0 (0.684)
23-Sep-20 11:50:41 - Child Network: 65 (best: 62), Rollout: [{'attention': 'constant', 'heads': 2, 'aggregation': 'mean', 'activation': 'sigmoid', 'hidden_features': 64, 'in_tile_size': 4, 'out_tile_size': 3, 'aggr_tile_size': 4, 'attn_tile_size': 8, 'act_tile_size': 2}], Reward: 0 (0.684)
23-Sep-20 11:50:41 - Episode 14...
23-Sep-20 11:50:41 - Child Network: 66 (best: 62), Rollout: [{'attention': 'constant', 'heads': 1, 'aggregation': 'max', 'activation': 'tanh', 'hidden_features': 12, 'in_tile_size': 3, 'out_tile_size': 3, 'aggr_tile_size': 2, 'attn_tile_size': 1, 'act_tile_size': 1}], Reward: 0 (0.684)
23-Sep-20 11:50:41 - Child Network: 67 (best: 62), Rollout: [{'attention': 'gcn', 'heads': 8, 'aggregation': 'max', 'activation': 'sigmoid', 'hidden_features': 4, 'in_tile_size': 4, 'out_tile_size': 5, 'aggr_tile_size': 4, 'attn_tile_size': 4, 'act_tile_size': 4}], Reward: 0 (0.684)
23-Sep-20 11:50:41 - Child Network: 68 (best: 62), Rollout: [{'attention': 'gcn', 'heads': 16, 'aggregation': 'max', 'activation': 'sigmoid', 'hidden_features': 8, 'in_tile_size': 4, 'out_tile_size': 5, 'aggr_tile_size': 2, 'attn_tile_size': 1, 'act_tile_size': 2}], Reward: 0 (0.684)
23-Sep-20 11:50:41 - Child Network: 69 (best: 62), Rollout: [{'attention': 'constant', 'heads': 8, 'aggregation': 'max', 'activation': 'relu', 'hidden_features': 12, 'in_tile_size': 4, 'out_tile_size': 2, 'aggr_tile_size': 4, 'attn_tile_size': 8, 'act_tile_size': 1}], Reward: 0 (0.684)
23-Sep-20 11:50:41 - Child Network: 70 (best: 62), Rollout: [{'attention': 'gat', 'heads': 16, 'aggregation': 'max', 'activation': 'tanh', 'hidden_features': 8, 'in_tile_size': 1, 'out_tile_size': 4, 'aggr_tile_size': 2, 'attn_tile_size': 1, 'act_tile_size': 3}], Reward: 0 (0.684)
23-Sep-20 11:50:41 - Episode 15...
23-Sep-20 11:50:41 - Child Network: 71 (best: 62), Rollout: [{'attention': 'gcn', 'heads': 4, 'aggregation': 'max', 'activation': 'sigmoid', 'hidden_features': 4, 'in_tile_size': 2, 'out_tile_size': 2, 'aggr_tile_size': 1, 'attn_tile_size': 2, 'act_tile_size': 4}], Reward: 0 (0.684)
23-Sep-20 11:50:41 - Child Network: 72 (best: 62), Rollout: [{'attention': 'constant', 'heads': 8, 'aggregation': 'mean', 'activation': 'tanh', 'hidden_features': 12, 'in_tile_size': 5, 'out_tile_size': 2, 'aggr_tile_size': 8, 'attn_tile_size': 1, 'act_tile_size': 3}], Reward: 0 (0.684)
23-Sep-20 11:50:41 - Child Network: 73 (best: 62), Rollout: [{'attention': 'gat', 'heads': 16, 'aggregation': 'add', 'activation': 'relu', 'hidden_features': 8, 'in_tile_size': 2, 'out_tile_size': 1, 'aggr_tile_size': 8, 'attn_tile_size': 1, 'act_tile_size': 5}], Reward: 0 (0.684)
23-Sep-20 11:50:41 - Child Network: 74 (best: 62), Rollout: [{'attention': 'gat', 'heads': 8, 'aggregation': 'max', 'activation': 'tanh', 'hidden_features': 16, 'in_tile_size': 4, 'out_tile_size': 4, 'aggr_tile_size': 8, 'attn_tile_size': 1, 'act_tile_size': 3}], Reward: 0 (0.684)
23-Sep-20 11:50:41 - Child Network: 75 (best: 62), Rollout: [{'attention': 'constant', 'heads': 4, 'aggregation': 'max', 'activation': 'sigmoid', 'hidden_features': 32, 'in_tile_size': 5, 'out_tile_size': 5, 'aggr_tile_size': 2, 'attn_tile_size': 8, 'act_tile_size': 3}], Reward: 0 (0.684)
23-Sep-20 11:50:41 - Episode 16...
23-Sep-20 11:50:41 - Child Network: 76 (best: 62), Rollout: [{'attention': 'constant', 'heads': 16, 'aggregation': 'max', 'activation': 'elu', 'hidden_features': 32, 'in_tile_size': 2, 'out_tile_size': 4, 'aggr_tile_size': 8, 'attn_tile_size': 1, 'act_tile_size': 3}], Reward: 0 (0.684)
23-Sep-20 11:50:41 - Child Network: 77 (best: 62), Rollout: [{'attention': 'constant', 'heads': 16, 'aggregation': 'max', 'activation': 'relu', 'hidden_features': 4, 'in_tile_size': 4, 'out_tile_size': 5, 'aggr_tile_size': 4, 'attn_tile_size': 4, 'act_tile_size': 3}], Reward: 0 (0.684)
23-Sep-20 11:50:41 - Child Network: 78 (best: 62), Rollout: [{'attention': 'gcn', 'heads': 2, 'aggregation': 'add', 'activation': 'sigmoid', 'hidden_features': 8, 'in_tile_size': 4, 'out_tile_size': 4, 'aggr_tile_size': 4, 'attn_tile_size': 2, 'act_tile_size': 3}], Reward: 0 (0.684)
23-Sep-20 11:50:41 - Child Network: 79 (best: 62), Rollout: [{'attention': 'gcn', 'heads': 8, 'aggregation': 'max', 'activation': 'sigmoid', 'hidden_features': 8, 'in_tile_size': 5, 'out_tile_size': 1, 'aggr_tile_size': 1, 'attn_tile_size': 2, 'act_tile_size': 2}], Reward: 0 (0.684)
23-Sep-20 11:50:41 - Child Network: 80 (best: 62), Rollout: [{'attention': 'gcn', 'heads': 2, 'aggregation': 'mean', 'activation': 'relu', 'hidden_features': 32, 'in_tile_size': 4, 'out_tile_size': 1, 'aggr_tile_size': 8, 'attn_tile_size': 2, 'act_tile_size': 3}], Reward: 0 (0.684)
23-Sep-20 11:50:41 - Episode 17...
23-Sep-20 11:50:41 - Child Network: 81 (best: 62), Rollout: [{'attention': 'gcn', 'heads': 1, 'aggregation': 'add', 'activation': 'tanh', 'hidden_features': 64, 'in_tile_size': 1, 'out_tile_size': 1, 'aggr_tile_size': 8, 'attn_tile_size': 1, 'act_tile_size': 2}], Reward: 0 (0.684)
23-Sep-20 11:50:41 - Child Network: 82 (best: 62), Rollout: [{'attention': 'constant', 'heads': 16, 'aggregation': 'max', 'activation': 'tanh', 'hidden_features': 32, 'in_tile_size': 1, 'out_tile_size': 2, 'aggr_tile_size': 8, 'attn_tile_size': 4, 'act_tile_size': 4}], Reward: 0 (0.684)
23-Sep-20 11:50:41 - Child Network: 83 (best: 62), Rollout: [{'attention': 'gcn', 'heads': 2, 'aggregation': 'mean', 'activation': 'relu', 'hidden_features': 8, 'in_tile_size': 4, 'out_tile_size': 4, 'aggr_tile_size': 2, 'attn_tile_size': 1, 'act_tile_size': 4}], Reward: 0 (0.684)
23-Sep-20 11:50:41 - Child Network: 84 (best: 62), Rollout: [{'attention': 'gat', 'heads': 2, 'aggregation': 'max', 'activation': 'sigmoid', 'hidden_features': 8, 'in_tile_size': 1, 'out_tile_size': 1, 'aggr_tile_size': 1, 'attn_tile_size': 4, 'act_tile_size': 1}], Reward: 0 (0.684)
23-Sep-20 11:50:41 - Child Network: 85 (best: 62), Rollout: [{'attention': 'constant', 'heads': 8, 'aggregation': 'max', 'activation': 'tanh', 'hidden_features': 4, 'in_tile_size': 3, 'out_tile_size': 2, 'aggr_tile_size': 4, 'attn_tile_size': 4, 'act_tile_size': 5}], Reward: 0 (0.684)
23-Sep-20 11:50:41 - Episode 18...
23-Sep-20 11:50:41 - Child Network: 86 (best: 62), Rollout: [{'attention': 'gcn', 'heads': 16, 'aggregation': 'mean', 'activation': 'relu', 'hidden_features': 12, 'in_tile_size': 2, 'out_tile_size': 1, 'aggr_tile_size': 8, 'attn_tile_size': 2, 'act_tile_size': 1}], Reward: 0 (0.684)
23-Sep-20 11:50:41 - Child Network: 87 (best: 62), Rollout: [{'attention': 'gcn', 'heads': 4, 'aggregation': 'add', 'activation': 'elu', 'hidden_features': 16, 'in_tile_size': 5, 'out_tile_size': 1, 'aggr_tile_size': 1, 'attn_tile_size': 2, 'act_tile_size': 1}], Reward: 0 (0.684)
23-Sep-20 11:50:41 - Child Network: 88 (best: 62), Rollout: [{'attention': 'gat', 'heads': 2, 'aggregation': 'add', 'activation': 'relu', 'hidden_features': 32, 'in_tile_size': 1, 'out_tile_size': 4, 'aggr_tile_size': 1, 'attn_tile_size': 4, 'act_tile_size': 1}], Reward: 0 (0.684)
23-Sep-20 11:50:41 - Child Network: 89 (best: 62), Rollout: [{'attention': 'gcn', 'heads': 4, 'aggregation': 'add', 'activation': 'tanh', 'hidden_features': 32, 'in_tile_size': 1, 'out_tile_size': 5, 'aggr_tile_size': 4, 'attn_tile_size': 8, 'act_tile_size': 5}], Reward: 0 (0.684)
23-Sep-20 11:50:41 - Child Network: 90 (best: 62), Rollout: [{'attention': 'constant', 'heads': 1, 'aggregation': 'add', 'activation': 'tanh', 'hidden_features': 32, 'in_tile_size': 4, 'out_tile_size': 2, 'aggr_tile_size': 4, 'attn_tile_size': 2, 'act_tile_size': 1}], Reward: 0 (0.684)
23-Sep-20 11:50:41 - Episode 19...
23-Sep-20 11:50:41 - Child Network: 91 (best: 62), Rollout: [{'attention': 'gcn', 'heads': 8, 'aggregation': 'mean', 'activation': 'relu', 'hidden_features': 64, 'in_tile_size': 3, 'out_tile_size': 4, 'aggr_tile_size': 8, 'attn_tile_size': 1, 'act_tile_size': 5}], Reward: 0 (0.684)
23-Sep-20 11:50:41 - Child Network: 92 (best: 62), Rollout: [{'attention': 'gcn', 'heads': 16, 'aggregation': 'max', 'activation': 'tanh', 'hidden_features': 16, 'in_tile_size': 5, 'out_tile_size': 4, 'aggr_tile_size': 8, 'attn_tile_size': 8, 'act_tile_size': 1}], Reward: 0 (0.684)
23-Sep-20 11:50:41 - Child Network: 93 (best: 62), Rollout: [{'attention': 'gcn', 'heads': 2, 'aggregation': 'mean', 'activation': 'relu', 'hidden_features': 4, 'in_tile_size': 2, 'out_tile_size': 2, 'aggr_tile_size': 2, 'attn_tile_size': 2, 'act_tile_size': 5}], Reward: 0 (0.684)
23-Sep-20 11:50:41 - Child Network: 94 (best: 62), Rollout: [{'attention': 'gat', 'heads': 8, 'aggregation': 'add', 'activation': 'tanh', 'hidden_features': 64, 'in_tile_size': 3, 'out_tile_size': 2, 'aggr_tile_size': 4, 'attn_tile_size': 4, 'act_tile_size': 1}], Reward: 0 (0.684)
23-Sep-20 11:50:41 - Child Network: 95 (best: 62), Rollout: [{'attention': 'constant', 'heads': 1, 'aggregation': 'max', 'activation': 'relu', 'hidden_features': 4, 'in_tile_size': 5, 'out_tile_size': 4, 'aggr_tile_size': 1, 'attn_tile_size': 2, 'act_tile_size': 3}], Reward: 0 (0.684)
23-Sep-20 11:50:41 - Episode 20...
23-Sep-20 11:50:41 - Child Network: 96 (best: 62), Rollout: [{'attention': 'gcn', 'heads': 4, 'aggregation': 'max', 'activation': 'elu', 'hidden_features': 12, 'in_tile_size': 1, 'out_tile_size': 3, 'aggr_tile_size': 4, 'attn_tile_size': 2, 'act_tile_size': 4}], Reward: 0 (0.684)
23-Sep-20 11:50:41 - Child Network: 97 (best: 62), Rollout: [{'attention': 'constant', 'heads': 4, 'aggregation': 'max', 'activation': 'elu', 'hidden_features': 32, 'in_tile_size': 5, 'out_tile_size': 5, 'aggr_tile_size': 4, 'attn_tile_size': 1, 'act_tile_size': 3}], Reward: 0 (0.684)
23-Sep-20 11:50:41 - Child Network: 98 (best: 62), Rollout: [{'attention': 'gcn', 'heads': 1, 'aggregation': 'max', 'activation': 'elu', 'hidden_features': 64, 'in_tile_size': 2, 'out_tile_size': 2, 'aggr_tile_size': 4, 'attn_tile_size': 1, 'act_tile_size': 4}], Reward: 0 (0.684)
23-Sep-20 11:50:41 - Child Network: 99 (best: 62), Rollout: [{'attention': 'constant', 'heads': 1, 'aggregation': 'mean', 'activation': 'tanh', 'hidden_features': 12, 'in_tile_size': 5, 'out_tile_size': 1, 'aggr_tile_size': 2, 'attn_tile_size': 4, 'act_tile_size': 1}], Reward: 0 (0.684)
23-Sep-20 11:50:41 - Child Network: 100 (best: 62), Rollout: [{'attention': 'gcn', 'heads': 8, 'aggregation': 'mean', 'activation': 'tanh', 'hidden_features': 32, 'in_tile_size': 1, 'out_tile_size': 2, 'aggr_tile_size': 1, 'attn_tile_size': 1, 'act_tile_size': 4}], Reward: 0 (0.684)
23-Sep-20 11:50:41 - Episode 21...
23-Sep-20 11:50:41 - Child Network: 101 (best: 62), Rollout: [{'attention': 'gcn', 'heads': 16, 'aggregation': 'max', 'activation': 'tanh', 'hidden_features': 12, 'in_tile_size': 5, 'out_tile_size': 1, 'aggr_tile_size': 4, 'attn_tile_size': 1, 'act_tile_size': 2}], Reward: 0 (0.684)
23-Sep-20 11:50:41 - Child Network: 102 (best: 62), Rollout: [{'attention': 'gat', 'heads': 1, 'aggregation': 'max', 'activation': 'sigmoid', 'hidden_features': 64, 'in_tile_size': 3, 'out_tile_size': 1, 'aggr_tile_size': 8, 'attn_tile_size': 4, 'act_tile_size': 1}], Reward: 0 (0.684)
23-Sep-20 11:50:41 - Child Network: 103 (best: 62), Rollout: [{'attention': 'gcn', 'heads': 8, 'aggregation': 'max', 'activation': 'elu', 'hidden_features': 12, 'in_tile_size': 2, 'out_tile_size': 5, 'aggr_tile_size': 2, 'attn_tile_size': 2, 'act_tile_size': 4}], Reward: 0 (0.684)
23-Sep-20 11:50:41 - Child Network: 104 (best: 62), Rollout: [{'attention': 'constant', 'heads': 16, 'aggregation': 'add', 'activation': 'elu', 'hidden_features': 32, 'in_tile_size': 3, 'out_tile_size': 2, 'aggr_tile_size': 8, 'attn_tile_size': 4, 'act_tile_size': 1}], Reward: 0 (0.684)
23-Sep-20 11:50:41 - Child Network: 105 (best: 62), Rollout: [{'attention': 'gat', 'heads': 4, 'aggregation': 'mean', 'activation': 'sigmoid', 'hidden_features': 32, 'in_tile_size': 3, 'out_tile_size': 1, 'aggr_tile_size': 2, 'attn_tile_size': 4, 'act_tile_size': 2}], Reward: 0 (0.684)
23-Sep-20 11:50:41 - Episode 22...
23-Sep-20 11:50:41 - Child Network: 106 (best: 62), Rollout: [{'attention': 'constant', 'heads': 2, 'aggregation': 'add', 'activation': 'elu', 'hidden_features': 64, 'in_tile_size': 3, 'out_tile_size': 2, 'aggr_tile_size': 1, 'attn_tile_size': 4, 'act_tile_size': 3}], Reward: 0 (0.684)
23-Sep-20 11:50:41 - Child Network: 107 (best: 62), Rollout: [{'attention': 'gcn', 'heads': 1, 'aggregation': 'max', 'activation': 'relu', 'hidden_features': 8, 'in_tile_size': 2, 'out_tile_size': 3, 'aggr_tile_size': 2, 'attn_tile_size': 8, 'act_tile_size': 3}], Reward: 0 (0.684)
23-Sep-20 11:50:41 - Child Network: 108 (best: 62), Rollout: [{'attention': 'constant', 'heads': 2, 'aggregation': 'mean', 'activation': 'relu', 'hidden_features': 12, 'in_tile_size': 2, 'out_tile_size': 1, 'aggr_tile_size': 8, 'attn_tile_size': 8, 'act_tile_size': 2}], Reward: 0 (0.684)
23-Sep-20 11:50:41 - Child Network: 109 (best: 62), Rollout: [{'attention': 'gcn', 'heads': 16, 'aggregation': 'add', 'activation': 'sigmoid', 'hidden_features': 12, 'in_tile_size': 2, 'out_tile_size': 2, 'aggr_tile_size': 1, 'attn_tile_size': 4, 'act_tile_size': 1}], Reward: 0 (0.684)
23-Sep-20 11:50:41 - Child Network: 110 (best: 62), Rollout: [{'attention': 'gcn', 'heads': 2, 'aggregation': 'add', 'activation': 'relu', 'hidden_features': 16, 'in_tile_size': 5, 'out_tile_size': 5, 'aggr_tile_size': 2, 'attn_tile_size': 1, 'act_tile_size': 4}], Reward: 0 (0.684)
23-Sep-20 11:50:41 - Episode 23...
23-Sep-20 11:50:41 - Child Network: 111 (best: 62), Rollout: [{'attention': 'gcn', 'heads': 1, 'aggregation': 'add', 'activation': 'tanh', 'hidden_features': 16, 'in_tile_size': 2, 'out_tile_size': 5, 'aggr_tile_size': 1, 'attn_tile_size': 4, 'act_tile_size': 4}], Reward: 0 (0.684)
23-Sep-20 11:50:41 - Child Network: 112 (best: 62), Rollout: [{'attention': 'constant', 'heads': 16, 'aggregation': 'max', 'activation': 'relu', 'hidden_features': 8, 'in_tile_size': 5, 'out_tile_size': 2, 'aggr_tile_size': 1, 'attn_tile_size': 1, 'act_tile_size': 1}], Reward: 0 (0.684)
23-Sep-20 11:50:41 - Child Network: 113 (best: 62), Rollout: [{'attention': 'constant', 'heads': 2, 'aggregation': 'add', 'activation': 'tanh', 'hidden_features': 64, 'in_tile_size': 1, 'out_tile_size': 2, 'aggr_tile_size': 4, 'attn_tile_size': 8, 'act_tile_size': 2}], Reward: 0 (0.684)
23-Sep-20 11:50:41 - Child Network: 114 (best: 62), Rollout: [{'attention': 'gcn', 'heads': 2, 'aggregation': 'add', 'activation': 'tanh', 'hidden_features': 32, 'in_tile_size': 2, 'out_tile_size': 1, 'aggr_tile_size': 1, 'attn_tile_size': 1, 'act_tile_size': 5}], Reward: 0 (0.684)
23-Sep-20 11:50:41 - Child Network: 115 (best: 62), Rollout: [{'attention': 'gcn', 'heads': 16, 'aggregation': 'mean', 'activation': 'elu', 'hidden_features': 12, 'in_tile_size': 2, 'out_tile_size': 4, 'aggr_tile_size': 4, 'attn_tile_size': 4, 'act_tile_size': 3}], Reward: 0 (0.684)
23-Sep-20 11:50:41 - Episode 24...
23-Sep-20 11:50:41 - Child Network: 116 (best: 62), Rollout: [{'attention': 'gcn', 'heads': 4, 'aggregation': 'max', 'activation': 'relu', 'hidden_features': 4, 'in_tile_size': 4, 'out_tile_size': 1, 'aggr_tile_size': 1, 'attn_tile_size': 2, 'act_tile_size': 4}], Reward: 0 (0.684)
23-Sep-20 11:50:41 - Child Network: 117 (best: 62), Rollout: [{'attention': 'gat', 'heads': 2, 'aggregation': 'max', 'activation': 'sigmoid', 'hidden_features': 32, 'in_tile_size': 5, 'out_tile_size': 1, 'aggr_tile_size': 2, 'attn_tile_size': 1, 'act_tile_size': 2}], Reward: 0 (0.684)
23-Sep-20 11:50:41 - Child Network: 118 (best: 62), Rollout: [{'attention': 'gcn', 'heads': 8, 'aggregation': 'add', 'activation': 'relu', 'hidden_features': 64, 'in_tile_size': 4, 'out_tile_size': 2, 'aggr_tile_size': 8, 'attn_tile_size': 1, 'act_tile_size': 3}], Reward: 0 (0.684)
23-Sep-20 11:50:41 - Child Network: 119 (best: 62), Rollout: [{'attention': 'gcn', 'heads': 1, 'aggregation': 'max', 'activation': 'tanh', 'hidden_features': 12, 'in_tile_size': 5, 'out_tile_size': 2, 'aggr_tile_size': 8, 'attn_tile_size': 1, 'act_tile_size': 4}], Reward: 0 (0.684)
23-Sep-20 11:50:41 - Child Network: 120 (best: 62), Rollout: [{'attention': 'constant', 'heads': 16, 'aggregation': 'max', 'activation': 'sigmoid', 'hidden_features': 32, 'in_tile_size': 3, 'out_tile_size': 5, 'aggr_tile_size': 2, 'attn_tile_size': 8, 'act_tile_size': 2}], Reward: 0 (0.684)
23-Sep-20 11:50:41 - Episode 25...
23-Sep-20 11:50:41 - Child Network: 121 (best: 62), Rollout: [{'attention': 'gcn', 'heads': 1, 'aggregation': 'add', 'activation': 'tanh', 'hidden_features': 12, 'in_tile_size': 2, 'out_tile_size': 3, 'aggr_tile_size': 8, 'attn_tile_size': 1, 'act_tile_size': 5}], Reward: 0 (0.684)
23-Sep-20 11:50:41 - Child Network: 122 (best: 62), Rollout: [{'attention': 'gcn', 'heads': 8, 'aggregation': 'mean', 'activation': 'sigmoid', 'hidden_features': 32, 'in_tile_size': 5, 'out_tile_size': 2, 'aggr_tile_size': 2, 'attn_tile_size': 4, 'act_tile_size': 2}], Reward: 0 (0.684)
23-Sep-20 11:50:41 - Child Network: 123 (best: 62), Rollout: [{'attention': 'gcn', 'heads': 1, 'aggregation': 'mean', 'activation': 'relu', 'hidden_features': 32, 'in_tile_size': 4, 'out_tile_size': 5, 'aggr_tile_size': 2, 'attn_tile_size': 1, 'act_tile_size': 5}], Reward: 0 (0.684)
23-Sep-20 11:50:41 - Child Network: 124 (best: 62), Rollout: [{'attention': 'gcn', 'heads': 4, 'aggregation': 'max', 'activation': 'sigmoid', 'hidden_features': 8, 'in_tile_size': 2, 'out_tile_size': 5, 'aggr_tile_size': 8, 'attn_tile_size': 2, 'act_tile_size': 1}], Reward: 0 (0.684)
23-Sep-20 11:50:41 - Child Network: 125 (best: 62), Rollout: [{'attention': 'gat', 'heads': 8, 'aggregation': 'mean', 'activation': 'elu', 'hidden_features': 4, 'in_tile_size': 2, 'out_tile_size': 2, 'aggr_tile_size': 2, 'attn_tile_size': 1, 'act_tile_size': 4}], Reward: 0 (0.684)
23-Sep-20 11:50:41 - Episode 26...
23-Sep-20 11:50:41 - Child Network: 126 (best: 62), Rollout: [{'attention': 'gat', 'heads': 16, 'aggregation': 'max', 'activation': 'relu', 'hidden_features': 8, 'in_tile_size': 2, 'out_tile_size': 3, 'aggr_tile_size': 2, 'attn_tile_size': 2, 'act_tile_size': 3}], Reward: 0 (0.684)
23-Sep-20 11:50:41 - Child Network: 127 (best: 62), Rollout: [{'attention': 'constant', 'heads': 1, 'aggregation': 'add', 'activation': 'elu', 'hidden_features': 12, 'in_tile_size': 2, 'out_tile_size': 1, 'aggr_tile_size': 1, 'attn_tile_size': 2, 'act_tile_size': 3}], Reward: 0 (0.684)
23-Sep-20 11:50:41 - Child Network: 128 (best: 62), Rollout: [{'attention': 'gat', 'heads': 8, 'aggregation': 'add', 'activation': 'sigmoid', 'hidden_features': 32, 'in_tile_size': 3, 'out_tile_size': 5, 'aggr_tile_size': 8, 'attn_tile_size': 1, 'act_tile_size': 4}], Reward: 0 (0.684)
23-Sep-20 11:50:41 - Child Network: 129 (best: 62), Rollout: [{'attention': 'gcn', 'heads': 1, 'aggregation': 'mean', 'activation': 'sigmoid', 'hidden_features': 4, 'in_tile_size': 1, 'out_tile_size': 2, 'aggr_tile_size': 8, 'attn_tile_size': 2, 'act_tile_size': 3}], Reward: 0 (0.684)
23-Sep-20 11:50:41 - Child Network: 130 (best: 62), Rollout: [{'attention': 'gat', 'heads': 1, 'aggregation': 'add', 'activation': 'relu', 'hidden_features': 16, 'in_tile_size': 4, 'out_tile_size': 1, 'aggr_tile_size': 8, 'attn_tile_size': 8, 'act_tile_size': 4}], Reward: 0 (0.684)
23-Sep-20 11:50:41 - Episode 27...
23-Sep-20 11:50:41 - Child Network: 131 (best: 62), Rollout: [{'attention': 'constant', 'heads': 8, 'aggregation': 'mean', 'activation': 'elu', 'hidden_features': 12, 'in_tile_size': 5, 'out_tile_size': 3, 'aggr_tile_size': 8, 'attn_tile_size': 2, 'act_tile_size': 3}], Reward: 0 (0.684)
23-Sep-20 11:50:41 - Child Network: 132 (best: 62), Rollout: [{'attention': 'constant', 'heads': 2, 'aggregation': 'add', 'activation': 'tanh', 'hidden_features': 64, 'in_tile_size': 4, 'out_tile_size': 2, 'aggr_tile_size': 2, 'attn_tile_size': 2, 'act_tile_size': 1}], Reward: 0 (0.684)
23-Sep-20 11:50:41 - Child Network: 133 (best: 62), Rollout: [{'attention': 'constant', 'heads': 16, 'aggregation': 'add', 'activation': 'sigmoid', 'hidden_features': 8, 'in_tile_size': 5, 'out_tile_size': 3, 'aggr_tile_size': 1, 'attn_tile_size': 4, 'act_tile_size': 1}], Reward: 0 (0.684)
23-Sep-20 11:50:41 - Child Network: 134 (best: 62), Rollout: [{'attention': 'gat', 'heads': 16, 'aggregation': 'add', 'activation': 'elu', 'hidden_features': 8, 'in_tile_size': 5, 'out_tile_size': 4, 'aggr_tile_size': 1, 'attn_tile_size': 8, 'act_tile_size': 4}], Reward: 0 (0.684)
23-Sep-20 11:50:41 - Child Network: 135 (best: 62), Rollout: [{'attention': 'gcn', 'heads': 2, 'aggregation': 'add', 'activation': 'sigmoid', 'hidden_features': 64, 'in_tile_size': 2, 'out_tile_size': 3, 'aggr_tile_size': 1, 'attn_tile_size': 2, 'act_tile_size': 5}], Reward: 0 (0.684)
23-Sep-20 11:50:41 - Episode 28...
23-Sep-20 11:50:41 - Child Network: 136 (best: 62), Rollout: [{'attention': 'gat', 'heads': 16, 'aggregation': 'max', 'activation': 'elu', 'hidden_features': 8, 'in_tile_size': 1, 'out_tile_size': 5, 'aggr_tile_size': 4, 'attn_tile_size': 2, 'act_tile_size': 4}], Reward: 0 (0.684)
23-Sep-20 11:50:41 - Child Network: 137 (best: 62), Rollout: [{'attention': 'gat', 'heads': 1, 'aggregation': 'mean', 'activation': 'tanh', 'hidden_features': 8, 'in_tile_size': 4, 'out_tile_size': 1, 'aggr_tile_size': 4, 'attn_tile_size': 8, 'act_tile_size': 4}], Reward: 0 (0.684)
23-Sep-20 11:50:41 - Child Network: 138 (best: 62), Rollout: [{'attention': 'gcn', 'heads': 2, 'aggregation': 'mean', 'activation': 'relu', 'hidden_features': 32, 'in_tile_size': 4, 'out_tile_size': 2, 'aggr_tile_size': 4, 'attn_tile_size': 8, 'act_tile_size': 2}], Reward: 0 (0.684)
23-Sep-20 11:50:41 - Child Network: 139 (best: 62), Rollout: [{'attention': 'gcn', 'heads': 4, 'aggregation': 'add', 'activation': 'sigmoid', 'hidden_features': 32, 'in_tile_size': 2, 'out_tile_size': 4, 'aggr_tile_size': 8, 'attn_tile_size': 2, 'act_tile_size': 5}], Reward: 0 (0.684)
23-Sep-20 11:50:41 - Child Network: 140 (best: 62), Rollout: [{'attention': 'gcn', 'heads': 1, 'aggregation': 'max', 'activation': 'elu', 'hidden_features': 4, 'in_tile_size': 2, 'out_tile_size': 2, 'aggr_tile_size': 1, 'attn_tile_size': 1, 'act_tile_size': 4}], Reward: 0 (0.684)
23-Sep-20 11:50:41 - Episode 29...
23-Sep-20 11:50:41 - Child Network: 141 (best: 62), Rollout: [{'attention': 'gcn', 'heads': 2, 'aggregation': 'add', 'activation': 'elu', 'hidden_features': 4, 'in_tile_size': 3, 'out_tile_size': 5, 'aggr_tile_size': 4, 'attn_tile_size': 1, 'act_tile_size': 3}], Reward: 0 (0.684)
23-Sep-20 11:50:41 - Child Network: 142 (best: 62), Rollout: [{'attention': 'gat', 'heads': 16, 'aggregation': 'add', 'activation': 'relu', 'hidden_features': 8, 'in_tile_size': 2, 'out_tile_size': 4, 'aggr_tile_size': 4, 'attn_tile_size': 1, 'act_tile_size': 3}], Reward: 0 (0.684)
23-Sep-20 11:50:41 - Child Network: 143 (best: 62), Rollout: [{'attention': 'gat', 'heads': 4, 'aggregation': 'max', 'activation': 'relu', 'hidden_features': 64, 'in_tile_size': 3, 'out_tile_size': 2, 'aggr_tile_size': 1, 'attn_tile_size': 8, 'act_tile_size': 1}], Reward: 0 (0.684)
23-Sep-20 11:50:41 - Child Network: 144 (best: 62), Rollout: [{'attention': 'gat', 'heads': 16, 'aggregation': 'add', 'activation': 'tanh', 'hidden_features': 16, 'in_tile_size': 1, 'out_tile_size': 1, 'aggr_tile_size': 1, 'attn_tile_size': 2, 'act_tile_size': 4}], Reward: 0 (0.684)
23-Sep-20 11:50:41 - Child Network: 145 (best: 62), Rollout: [{'attention': 'gat', 'heads': 2, 'aggregation': 'max', 'activation': 'tanh', 'hidden_features': 32, 'in_tile_size': 4, 'out_tile_size': 1, 'aggr_tile_size': 1, 'attn_tile_size': 1, 'act_tile_size': 1}], Reward: 0 (0.684)
23-Sep-20 11:50:41 - Episode 30...
23-Sep-20 11:50:41 - Child Network: 146 (best: 62), Rollout: [{'attention': 'gcn', 'heads': 4, 'aggregation': 'mean', 'activation': 'tanh', 'hidden_features': 16, 'in_tile_size': 3, 'out_tile_size': 1, 'aggr_tile_size': 8, 'attn_tile_size': 2, 'act_tile_size': 1}], Reward: 0 (0.684)
23-Sep-20 11:50:41 - Child Network: 147 (best: 62), Rollout: [{'attention': 'gat', 'heads': 1, 'aggregation': 'max', 'activation': 'tanh', 'hidden_features': 64, 'in_tile_size': 2, 'out_tile_size': 3, 'aggr_tile_size': 8, 'attn_tile_size': 2, 'act_tile_size': 4}], Reward: 0 (0.684)
23-Sep-20 11:50:41 - Child Network: 148 (best: 62), Rollout: [{'attention': 'gcn', 'heads': 1, 'aggregation': 'mean', 'activation': 'tanh', 'hidden_features': 4, 'in_tile_size': 1, 'out_tile_size': 4, 'aggr_tile_size': 8, 'attn_tile_size': 4, 'act_tile_size': 2}], Reward: 0 (0.684)
23-Sep-20 11:50:41 - Child Network: 149 (best: 62), Rollout: [{'attention': 'gcn', 'heads': 8, 'aggregation': 'max', 'activation': 'tanh', 'hidden_features': 32, 'in_tile_size': 2, 'out_tile_size': 4, 'aggr_tile_size': 2, 'attn_tile_size': 4, 'act_tile_size': 3}], Reward: 0 (0.684)
23-Sep-20 11:50:41 - Child Network: 150 (best: 62), Rollout: [{'attention': 'gcn', 'heads': 16, 'aggregation': 'max', 'activation': 'relu', 'hidden_features': 64, 'in_tile_size': 2, 'out_tile_size': 5, 'aggr_tile_size': 1, 'attn_tile_size': 4, 'act_tile_size': 5}], Reward: 0 (0.684)
23-Sep-20 11:50:41 - Episode 31...
23-Sep-20 11:50:41 - Child Network: 151 (best: 62), Rollout: [{'attention': 'gcn', 'heads': 2, 'aggregation': 'mean', 'activation': 'relu', 'hidden_features': 4, 'in_tile_size': 4, 'out_tile_size': 2, 'aggr_tile_size': 2, 'attn_tile_size': 1, 'act_tile_size': 1}], Reward: 0 (0.684)
23-Sep-20 11:50:41 - Child Network: 152 (best: 62), Rollout: [{'attention': 'gat', 'heads': 8, 'aggregation': 'mean', 'activation': 'relu', 'hidden_features': 64, 'in_tile_size': 2, 'out_tile_size': 1, 'aggr_tile_size': 8, 'attn_tile_size': 4, 'act_tile_size': 4}], Reward: 0 (0.684)
23-Sep-20 11:50:41 - Child Network: 153 (best: 62), Rollout: [{'attention': 'constant', 'heads': 2, 'aggregation': 'mean', 'activation': 'sigmoid', 'hidden_features': 32, 'in_tile_size': 5, 'out_tile_size': 2, 'aggr_tile_size': 2, 'attn_tile_size': 8, 'act_tile_size': 3}], Reward: 0 (0.684)
23-Sep-20 11:50:41 - Child Network: 154 (best: 62), Rollout: [{'attention': 'gcn', 'heads': 2, 'aggregation': 'add', 'activation': 'relu', 'hidden_features': 12, 'in_tile_size': 5, 'out_tile_size': 2, 'aggr_tile_size': 2, 'attn_tile_size': 2, 'act_tile_size': 2}], Reward: 0 (0.684)
23-Sep-20 11:50:41 - Child Network: 155 (best: 62), Rollout: [{'attention': 'constant', 'heads': 8, 'aggregation': 'max', 'activation': 'relu', 'hidden_features': 32, 'in_tile_size': 4, 'out_tile_size': 3, 'aggr_tile_size': 8, 'attn_tile_size': 2, 'act_tile_size': 2}], Reward: 0 (0.684)
23-Sep-20 11:50:41 - Episode 32...
23-Sep-20 11:50:41 - Child Network: 156 (best: 62), Rollout: [{'attention': 'gcn', 'heads': 1, 'aggregation': 'add', 'activation': 'relu', 'hidden_features': 12, 'in_tile_size': 4, 'out_tile_size': 2, 'aggr_tile_size': 4, 'attn_tile_size': 1, 'act_tile_size': 5}], Reward: 0 (0.684)
23-Sep-20 11:50:41 - Child Network: 157 (best: 62), Rollout: [{'attention': 'constant', 'heads': 4, 'aggregation': 'max', 'activation': 'relu', 'hidden_features': 64, 'in_tile_size': 5, 'out_tile_size': 2, 'aggr_tile_size': 1, 'attn_tile_size': 2, 'act_tile_size': 1}], Reward: 0 (0.684)
23-Sep-20 11:50:41 - Child Network: 158 (best: 62), Rollout: [{'attention': 'constant', 'heads': 4, 'aggregation': 'max', 'activation': 'relu', 'hidden_features': 8, 'in_tile_size': 5, 'out_tile_size': 5, 'aggr_tile_size': 1, 'attn_tile_size': 2, 'act_tile_size': 5}], Reward: 0 (0.684)
23-Sep-20 11:50:41 - Child Network: 159 (best: 62), Rollout: [{'attention': 'gcn', 'heads': 1, 'aggregation': 'max', 'activation': 'relu', 'hidden_features': 8, 'in_tile_size': 3, 'out_tile_size': 4, 'aggr_tile_size': 2, 'attn_tile_size': 1, 'act_tile_size': 1}], Reward: 0 (0.684)
23-Sep-20 11:50:41 - Child Network: 160 (best: 62), Rollout: [{'attention': 'gcn', 'heads': 4, 'aggregation': 'max', 'activation': 'relu', 'hidden_features': 32, 'in_tile_size': 4, 'out_tile_size': 4, 'aggr_tile_size': 4, 'attn_tile_size': 2, 'act_tile_size': 3}], Reward: 0 (0.684)
23-Sep-20 11:50:41 - Episode 33...
23-Sep-20 11:50:41 - Child Network: 161 (best: 62), Rollout: [{'attention': 'gcn', 'heads': 16, 'aggregation': 'max', 'activation': 'relu', 'hidden_features': 12, 'in_tile_size': 3, 'out_tile_size': 5, 'aggr_tile_size': 1, 'attn_tile_size': 1, 'act_tile_size': 5}], Reward: 0 (0.684)
23-Sep-20 11:50:41 - Child Network: 162 (best: 62), Rollout: [{'attention': 'gcn', 'heads': 8, 'aggregation': 'max', 'activation': 'tanh', 'hidden_features': 8, 'in_tile_size': 3, 'out_tile_size': 1, 'aggr_tile_size': 2, 'attn_tile_size': 1, 'act_tile_size': 4}], Reward: 0 (0.684)
23-Sep-20 11:50:41 - Child Network: 163 (best: 62), Rollout: [{'attention': 'gcn', 'heads': 2, 'aggregation': 'max', 'activation': 'sigmoid', 'hidden_features': 64, 'in_tile_size': 1, 'out_tile_size': 2, 'aggr_tile_size': 8, 'attn_tile_size': 8, 'act_tile_size': 5}], Reward: 0 (0.684)
23-Sep-20 11:50:44 - Child Network: 164 (best: 164), Rollout: [{'attention': 'gcn', 'heads': 2, 'aggregation': 'max', 'activation': 'relu', 'hidden_features': 64, 'in_tile_size': 5, 'out_tile_size': 3, 'aggr_tile_size': 8, 'attn_tile_size': 8, 'act_tile_size': 3}], Reward: 0.691 (0.691)
23-Sep-20 11:50:44 - Child Network: 165 (best: 164), Rollout: [{'attention': 'gcn', 'heads': 8, 'aggregation': 'add', 'activation': 'relu', 'hidden_features': 16, 'in_tile_size': 4, 'out_tile_size': 2, 'aggr_tile_size': 4, 'attn_tile_size': 1, 'act_tile_size': 1}], Reward: 0 (0.691)
23-Sep-20 11:50:44 - Episode 34...
23-Sep-20 11:50:44 - Child Network: 166 (best: 164), Rollout: [{'attention': 'gat', 'heads': 16, 'aggregation': 'add', 'activation': 'elu', 'hidden_features': 8, 'in_tile_size': 2, 'out_tile_size': 5, 'aggr_tile_size': 4, 'attn_tile_size': 8, 'act_tile_size': 3}], Reward: 0 (0.691)
23-Sep-20 11:50:44 - Child Network: 167 (best: 164), Rollout: [{'attention': 'gcn', 'heads': 8, 'aggregation': 'add', 'activation': 'tanh', 'hidden_features': 64, 'in_tile_size': 2, 'out_tile_size': 2, 'aggr_tile_size': 1, 'attn_tile_size': 1, 'act_tile_size': 1}], Reward: 0 (0.691)
23-Sep-20 11:50:44 - Child Network: 168 (best: 164), Rollout: [{'attention': 'gat', 'heads': 1, 'aggregation': 'max', 'activation': 'elu', 'hidden_features': 64, 'in_tile_size': 5, 'out_tile_size': 3, 'aggr_tile_size': 4, 'attn_tile_size': 2, 'act_tile_size': 2}], Reward: 0 (0.691)
23-Sep-20 11:50:44 - Child Network: 169 (best: 164), Rollout: [{'attention': 'gat', 'heads': 2, 'aggregation': 'mean', 'activation': 'sigmoid', 'hidden_features': 64, 'in_tile_size': 1, 'out_tile_size': 4, 'aggr_tile_size': 1, 'attn_tile_size': 2, 'act_tile_size': 1}], Reward: 0 (0.691)
23-Sep-20 11:50:44 - Child Network: 170 (best: 164), Rollout: [{'attention': 'gcn', 'heads': 4, 'aggregation': 'max', 'activation': 'relu', 'hidden_features': 4, 'in_tile_size': 5, 'out_tile_size': 4, 'aggr_tile_size': 1, 'attn_tile_size': 2, 'act_tile_size': 3}], Reward: 0 (0.691)
23-Sep-20 11:50:44 - Episode 35...
23-Sep-20 11:50:44 - Child Network: 171 (best: 164), Rollout: [{'attention': 'constant', 'heads': 16, 'aggregation': 'max', 'activation': 'tanh', 'hidden_features': 32, 'in_tile_size': 3, 'out_tile_size': 2, 'aggr_tile_size': 8, 'attn_tile_size': 2, 'act_tile_size': 2}], Reward: 0 (0.691)
23-Sep-20 11:50:44 - Child Network: 172 (best: 164), Rollout: [{'attention': 'gcn', 'heads': 4, 'aggregation': 'mean', 'activation': 'elu', 'hidden_features': 12, 'in_tile_size': 2, 'out_tile_size': 2, 'aggr_tile_size': 8, 'attn_tile_size': 2, 'act_tile_size': 5}], Reward: 0 (0.691)
23-Sep-20 11:50:44 - Child Network: 173 (best: 164), Rollout: [{'attention': 'constant', 'heads': 8, 'aggregation': 'max', 'activation': 'relu', 'hidden_features': 4, 'in_tile_size': 5, 'out_tile_size': 1, 'aggr_tile_size': 8, 'attn_tile_size': 4, 'act_tile_size': 4}], Reward: 0 (0.691)
23-Sep-20 11:50:44 - Child Network: 174 (best: 164), Rollout: [{'attention': 'gcn', 'heads': 4, 'aggregation': 'add', 'activation': 'elu', 'hidden_features': 4, 'in_tile_size': 1, 'out_tile_size': 3, 'aggr_tile_size': 4, 'attn_tile_size': 1, 'act_tile_size': 2}], Reward: 0 (0.691)
23-Sep-20 11:50:44 - Child Network: 175 (best: 164), Rollout: [{'attention': 'gat', 'heads': 16, 'aggregation': 'max', 'activation': 'sigmoid', 'hidden_features': 32, 'in_tile_size': 4, 'out_tile_size': 2, 'aggr_tile_size': 2, 'attn_tile_size': 4, 'act_tile_size': 1}], Reward: 0 (0.691)
23-Sep-20 11:50:44 - Episode 36...
23-Sep-20 11:50:44 - Child Network: 176 (best: 164), Rollout: [{'attention': 'gcn', 'heads': 1, 'aggregation': 'max', 'activation': 'relu', 'hidden_features': 8, 'in_tile_size': 5, 'out_tile_size': 5, 'aggr_tile_size': 4, 'attn_tile_size': 8, 'act_tile_size': 1}], Reward: 0 (0.691)
23-Sep-20 11:50:44 - Child Network: 177 (best: 164), Rollout: [{'attention': 'constant', 'heads': 2, 'aggregation': 'mean', 'activation': 'elu', 'hidden_features': 64, 'in_tile_size': 3, 'out_tile_size': 4, 'aggr_tile_size': 4, 'attn_tile_size': 2, 'act_tile_size': 4}], Reward: 0 (0.691)
23-Sep-20 11:50:44 - Child Network: 178 (best: 164), Rollout: [{'attention': 'gcn', 'heads': 2, 'aggregation': 'max', 'activation': 'tanh', 'hidden_features': 16, 'in_tile_size': 2, 'out_tile_size': 2, 'aggr_tile_size': 8, 'attn_tile_size': 1, 'act_tile_size': 5}], Reward: 0 (0.691)
23-Sep-20 11:50:44 - Child Network: 179 (best: 164), Rollout: [{'attention': 'gcn', 'heads': 2, 'aggregation': 'max', 'activation': 'relu', 'hidden_features': 4, 'in_tile_size': 3, 'out_tile_size': 3, 'aggr_tile_size': 2, 'attn_tile_size': 8, 'act_tile_size': 3}], Reward: 0 (0.691)
23-Sep-20 11:50:44 - Child Network: 180 (best: 164), Rollout: [{'attention': 'gcn', 'heads': 16, 'aggregation': 'add', 'activation': 'tanh', 'hidden_features': 64, 'in_tile_size': 2, 'out_tile_size': 1, 'aggr_tile_size': 2, 'attn_tile_size': 8, 'act_tile_size': 5}], Reward: 0 (0.691)
23-Sep-20 11:50:44 - Episode 37...
23-Sep-20 11:50:44 - Child Network: 181 (best: 164), Rollout: [{'attention': 'gcn', 'heads': 2, 'aggregation': 'add', 'activation': 'tanh', 'hidden_features': 32, 'in_tile_size': 5, 'out_tile_size': 5, 'aggr_tile_size': 2, 'attn_tile_size': 8, 'act_tile_size': 2}], Reward: 0 (0.691)
23-Sep-20 11:50:44 - Child Network: 182 (best: 164), Rollout: [{'attention': 'gcn', 'heads': 1, 'aggregation': 'mean', 'activation': 'sigmoid', 'hidden_features': 64, 'in_tile_size': 1, 'out_tile_size': 4, 'aggr_tile_size': 8, 'attn_tile_size': 1, 'act_tile_size': 2}], Reward: 0 (0.691)
23-Sep-20 11:50:44 - Child Network: 183 (best: 164), Rollout: [{'attention': 'gat', 'heads': 1, 'aggregation': 'mean', 'activation': 'relu', 'hidden_features': 64, 'in_tile_size': 5, 'out_tile_size': 2, 'aggr_tile_size': 2, 'attn_tile_size': 2, 'act_tile_size': 5}], Reward: 0 (0.691)
23-Sep-20 11:50:44 - Child Network: 184 (best: 164), Rollout: [{'attention': 'constant', 'heads': 2, 'aggregation': 'add', 'activation': 'sigmoid', 'hidden_features': 64, 'in_tile_size': 1, 'out_tile_size': 3, 'aggr_tile_size': 1, 'attn_tile_size': 2, 'act_tile_size': 1}], Reward: 0 (0.691)
23-Sep-20 11:50:44 - Child Network: 185 (best: 164), Rollout: [{'attention': 'gcn', 'heads': 2, 'aggregation': 'add', 'activation': 'relu', 'hidden_features': 32, 'in_tile_size': 5, 'out_tile_size': 1, 'aggr_tile_size': 4, 'attn_tile_size': 4, 'act_tile_size': 1}], Reward: 0 (0.691)
23-Sep-20 11:50:44 - Episode 38...
23-Sep-20 11:50:44 - Child Network: 186 (best: 164), Rollout: [{'attention': 'gcn', 'heads': 16, 'aggregation': 'max', 'activation': 'relu', 'hidden_features': 64, 'in_tile_size': 2, 'out_tile_size': 2, 'aggr_tile_size': 2, 'attn_tile_size': 2, 'act_tile_size': 2}], Reward: 0 (0.691)
23-Sep-20 11:50:44 - Child Network: 187 (best: 164), Rollout: [{'attention': 'gcn', 'heads': 2, 'aggregation': 'add', 'activation': 'sigmoid', 'hidden_features': 16, 'in_tile_size': 2, 'out_tile_size': 2, 'aggr_tile_size': 1, 'attn_tile_size': 4, 'act_tile_size': 1}], Reward: 0 (0.691)
