23-Sep-20 12:08:39 - ==================================================Run 1==================================================
23-Sep-20 12:08:39 - using device cpu
23-Sep-20 12:08:39 - Episode 1...
23-Sep-20 12:08:39 - Child Network: 1 (best: 0), Rollout: [{'attention': 'constant', 'heads': 1, 'aggregation': 'add', 'activation': 'sigmoid', 'hidden_features': 4, 'act_int_bits': 3, 'act_frac_bits': 5, 'weight_int_bits': 3, 'weight_frac_bits': 1, 'in_tile_size': 2, 'out_tile_size': 2, 'aggr_tile_size': 2, 'attn_tile_size': 2, 'act_tile_size': 5}], Reward: 0 (0)
23-Sep-20 12:08:39 - Child Network: 2 (best: 0), Rollout: [{'attention': 'constant', 'heads': 2, 'aggregation': 'add', 'activation': 'elu', 'hidden_features': 12, 'act_int_bits': 3, 'act_frac_bits': 6, 'weight_int_bits': 1, 'weight_frac_bits': 3, 'in_tile_size': 1, 'out_tile_size': 2, 'aggr_tile_size': 2, 'attn_tile_size': 2, 'act_tile_size': 4}], Reward: 0 (0)
23-Sep-20 12:08:39 - Child Network: 3 (best: 0), Rollout: [{'attention': 'gat', 'heads': 16, 'aggregation': 'mean', 'activation': 'relu', 'hidden_features': 32, 'act_int_bits': 1, 'act_frac_bits': 0, 'weight_int_bits': 3, 'weight_frac_bits': 3, 'in_tile_size': 4, 'out_tile_size': 5, 'aggr_tile_size': 4, 'attn_tile_size': 2, 'act_tile_size': 2}], Reward: 0 (0)
23-Sep-20 12:08:39 - Child Network: 4 (best: 0), Rollout: [{'attention': 'gat', 'heads': 2, 'aggregation': 'max', 'activation': 'tanh', 'hidden_features': 4, 'act_int_bits': 1, 'act_frac_bits': 1, 'weight_int_bits': 1, 'weight_frac_bits': 6, 'in_tile_size': 4, 'out_tile_size': 3, 'aggr_tile_size': 2, 'attn_tile_size': 1, 'act_tile_size': 5}], Reward: 0 (0)
23-Sep-20 12:08:39 - Child Network: 5 (best: 0), Rollout: [{'attention': 'gcn', 'heads': 2, 'aggregation': 'add', 'activation': 'sigmoid', 'hidden_features': 4, 'act_int_bits': 2, 'act_frac_bits': 2, 'weight_int_bits': 3, 'weight_frac_bits': 3, 'in_tile_size': 1, 'out_tile_size': 4, 'aggr_tile_size': 4, 'attn_tile_size': 2, 'act_tile_size': 5}], Reward: 0 (0)
23-Sep-20 12:08:39 - Episode 2...
23-Sep-20 12:08:39 - Child Network: 6 (best: 0), Rollout: [{'attention': 'gcn', 'heads': 2, 'aggregation': 'mean', 'activation': 'relu', 'hidden_features': 4, 'act_int_bits': 1, 'act_frac_bits': 6, 'weight_int_bits': 2, 'weight_frac_bits': 3, 'in_tile_size': 2, 'out_tile_size': 1, 'aggr_tile_size': 2, 'attn_tile_size': 1, 'act_tile_size': 5}], Reward: 0 (0)
23-Sep-20 12:08:39 - Child Network: 7 (best: 0), Rollout: [{'attention': 'gat', 'heads': 4, 'aggregation': 'mean', 'activation': 'tanh', 'hidden_features': 4, 'act_int_bits': 2, 'act_frac_bits': 4, 'weight_int_bits': 3, 'weight_frac_bits': 0, 'in_tile_size': 2, 'out_tile_size': 4, 'aggr_tile_size': 8, 'attn_tile_size': 2, 'act_tile_size': 1}], Reward: 0 (0)
23-Sep-20 12:08:39 - Child Network: 8 (best: 0), Rollout: [{'attention': 'constant', 'heads': 16, 'aggregation': 'max', 'activation': 'relu', 'hidden_features': 32, 'act_int_bits': 3, 'act_frac_bits': 6, 'weight_int_bits': 2, 'weight_frac_bits': 0, 'in_tile_size': 5, 'out_tile_size': 3, 'aggr_tile_size': 1, 'attn_tile_size': 8, 'act_tile_size': 4}], Reward: 0 (0)
23-Sep-20 12:08:39 - Child Network: 9 (best: 0), Rollout: [{'attention': 'gcn', 'heads': 1, 'aggregation': 'max', 'activation': 'tanh', 'hidden_features': 12, 'act_int_bits': 3, 'act_frac_bits': 2, 'weight_int_bits': 1, 'weight_frac_bits': 1, 'in_tile_size': 4, 'out_tile_size': 1, 'aggr_tile_size': 2, 'attn_tile_size': 4, 'act_tile_size': 4}], Reward: 0 (0)
23-Sep-20 12:08:39 - Child Network: 10 (best: 0), Rollout: [{'attention': 'gcn', 'heads': 1, 'aggregation': 'mean', 'activation': 'tanh', 'hidden_features': 12, 'act_int_bits': 3, 'act_frac_bits': 2, 'weight_int_bits': 1, 'weight_frac_bits': 1, 'in_tile_size': 1, 'out_tile_size': 1, 'aggr_tile_size': 1, 'attn_tile_size': 8, 'act_tile_size': 4}], Reward: 0 (0)
23-Sep-20 12:08:39 - Episode 3...
23-Sep-20 12:08:39 - Child Network: 11 (best: 0), Rollout: [{'attention': 'gcn', 'heads': 4, 'aggregation': 'add', 'activation': 'relu', 'hidden_features': 4, 'act_int_bits': 2, 'act_frac_bits': 6, 'weight_int_bits': 1, 'weight_frac_bits': 6, 'in_tile_size': 3, 'out_tile_size': 2, 'aggr_tile_size': 8, 'attn_tile_size': 4, 'act_tile_size': 1}], Reward: 0 (0)
23-Sep-20 12:08:39 - Child Network: 12 (best: 0), Rollout: [{'attention': 'gcn', 'heads': 16, 'aggregation': 'mean', 'activation': 'relu', 'hidden_features': 4, 'act_int_bits': 1, 'act_frac_bits': 2, 'weight_int_bits': 1, 'weight_frac_bits': 5, 'in_tile_size': 4, 'out_tile_size': 5, 'aggr_tile_size': 4, 'attn_tile_size': 8, 'act_tile_size': 5}], Reward: 0 (0)
23-Sep-20 12:08:39 - Child Network: 13 (best: 0), Rollout: [{'attention': 'constant', 'heads': 16, 'aggregation': 'add', 'activation': 'relu', 'hidden_features': 12, 'act_int_bits': 3, 'act_frac_bits': 3, 'weight_int_bits': 1, 'weight_frac_bits': 3, 'in_tile_size': 2, 'out_tile_size': 3, 'aggr_tile_size': 1, 'attn_tile_size': 1, 'act_tile_size': 4}], Reward: 0 (0)
23-Sep-20 12:08:39 - Child Network: 14 (best: 0), Rollout: [{'attention': 'constant', 'heads': 16, 'aggregation': 'mean', 'activation': 'sigmoid', 'hidden_features': 64, 'act_int_bits': 1, 'act_frac_bits': 6, 'weight_int_bits': 3, 'weight_frac_bits': 3, 'in_tile_size': 3, 'out_tile_size': 4, 'aggr_tile_size': 2, 'attn_tile_size': 8, 'act_tile_size': 5}], Reward: 0 (0)
23-Sep-20 12:08:39 - Child Network: 15 (best: 0), Rollout: [{'attention': 'gcn', 'heads': 4, 'aggregation': 'mean', 'activation': 'relu', 'hidden_features': 16, 'act_int_bits': 2, 'act_frac_bits': 1, 'weight_int_bits': 2, 'weight_frac_bits': 5, 'in_tile_size': 4, 'out_tile_size': 5, 'aggr_tile_size': 1, 'attn_tile_size': 4, 'act_tile_size': 4}], Reward: 0 (0)
23-Sep-20 12:08:39 - Episode 4...
23-Sep-20 12:08:39 - Child Network: 16 (best: 0), Rollout: [{'attention': 'gcn', 'heads': 4, 'aggregation': 'add', 'activation': 'sigmoid', 'hidden_features': 16, 'act_int_bits': 1, 'act_frac_bits': 6, 'weight_int_bits': 1, 'weight_frac_bits': 5, 'in_tile_size': 3, 'out_tile_size': 3, 'aggr_tile_size': 2, 'attn_tile_size': 1, 'act_tile_size': 5}], Reward: 0 (0)
23-Sep-20 12:08:39 - Child Network: 17 (best: 0), Rollout: [{'attention': 'gat', 'heads': 4, 'aggregation': 'add', 'activation': 'elu', 'hidden_features': 8, 'act_int_bits': 3, 'act_frac_bits': 2, 'weight_int_bits': 1, 'weight_frac_bits': 3, 'in_tile_size': 1, 'out_tile_size': 2, 'aggr_tile_size': 2, 'attn_tile_size': 8, 'act_tile_size': 1}], Reward: 0 (0)
23-Sep-20 12:08:39 - Child Network: 18 (best: 0), Rollout: [{'attention': 'constant', 'heads': 1, 'aggregation': 'mean', 'activation': 'relu', 'hidden_features': 8, 'act_int_bits': 3, 'act_frac_bits': 0, 'weight_int_bits': 1, 'weight_frac_bits': 5, 'in_tile_size': 4, 'out_tile_size': 4, 'aggr_tile_size': 4, 'attn_tile_size': 4, 'act_tile_size': 4}], Reward: 0 (0)
23-Sep-20 12:08:39 - Child Network: 19 (best: 0), Rollout: [{'attention': 'gat', 'heads': 16, 'aggregation': 'add', 'activation': 'elu', 'hidden_features': 4, 'act_int_bits': 2, 'act_frac_bits': 1, 'weight_int_bits': 3, 'weight_frac_bits': 2, 'in_tile_size': 3, 'out_tile_size': 4, 'aggr_tile_size': 8, 'attn_tile_size': 4, 'act_tile_size': 4}], Reward: 0 (0)
23-Sep-20 12:08:39 - Child Network: 20 (best: 0), Rollout: [{'attention': 'gat', 'heads': 8, 'aggregation': 'mean', 'activation': 'tanh', 'hidden_features': 16, 'act_int_bits': 1, 'act_frac_bits': 3, 'weight_int_bits': 3, 'weight_frac_bits': 6, 'in_tile_size': 2, 'out_tile_size': 5, 'aggr_tile_size': 1, 'attn_tile_size': 8, 'act_tile_size': 2}], Reward: 0 (0)
23-Sep-20 12:08:39 - Episode 5...
23-Sep-20 12:08:59 - Child Network: 21 (best: 21), Rollout: [{'attention': 'gcn', 'heads': 16, 'aggregation': 'add', 'activation': 'relu', 'hidden_features': 64, 'act_int_bits': 3, 'act_frac_bits': 6, 'weight_int_bits': 1, 'weight_frac_bits': 6, 'in_tile_size': 5, 'out_tile_size': 3, 'aggr_tile_size': 4, 'attn_tile_size': 4, 'act_tile_size': 5}], Reward: 0.787 (0.787)
23-Sep-20 12:08:59 - Child Network: 22 (best: 21), Rollout: [{'attention': 'gat', 'heads': 16, 'aggregation': 'mean', 'activation': 'sigmoid', 'hidden_features': 4, 'act_int_bits': 3, 'act_frac_bits': 1, 'weight_int_bits': 1, 'weight_frac_bits': 2, 'in_tile_size': 1, 'out_tile_size': 3, 'aggr_tile_size': 2, 'attn_tile_size': 4, 'act_tile_size': 2}], Reward: 0 (0.787)
23-Sep-20 12:08:59 - Child Network: 23 (best: 21), Rollout: [{'attention': 'gcn', 'heads': 16, 'aggregation': 'max', 'activation': 'tanh', 'hidden_features': 32, 'act_int_bits': 2, 'act_frac_bits': 3, 'weight_int_bits': 3, 'weight_frac_bits': 2, 'in_tile_size': 5, 'out_tile_size': 1, 'aggr_tile_size': 8, 'attn_tile_size': 1, 'act_tile_size': 2}], Reward: 0 (0.787)
23-Sep-20 12:08:59 - Child Network: 24 (best: 21), Rollout: [{'attention': 'gat', 'heads': 8, 'aggregation': 'mean', 'activation': 'tanh', 'hidden_features': 64, 'act_int_bits': 1, 'act_frac_bits': 0, 'weight_int_bits': 3, 'weight_frac_bits': 1, 'in_tile_size': 2, 'out_tile_size': 3, 'aggr_tile_size': 1, 'attn_tile_size': 1, 'act_tile_size': 3}], Reward: 0 (0.787)
23-Sep-20 12:08:59 - Child Network: 25 (best: 21), Rollout: [{'attention': 'gat', 'heads': 16, 'aggregation': 'mean', 'activation': 'relu', 'hidden_features': 32, 'act_int_bits': 1, 'act_frac_bits': 0, 'weight_int_bits': 2, 'weight_frac_bits': 3, 'in_tile_size': 2, 'out_tile_size': 2, 'aggr_tile_size': 2, 'attn_tile_size': 4, 'act_tile_size': 5}], Reward: 0 (0.787)
23-Sep-20 12:08:59 - Episode 6...
23-Sep-20 12:08:59 - Child Network: 26 (best: 21), Rollout: [{'attention': 'gcn', 'heads': 1, 'aggregation': 'max', 'activation': 'sigmoid', 'hidden_features': 4, 'act_int_bits': 1, 'act_frac_bits': 3, 'weight_int_bits': 3, 'weight_frac_bits': 4, 'in_tile_size': 5, 'out_tile_size': 4, 'aggr_tile_size': 8, 'attn_tile_size': 1, 'act_tile_size': 2}], Reward: 0 (0.787)
23-Sep-20 12:08:59 - Child Network: 27 (best: 21), Rollout: [{'attention': 'gcn', 'heads': 4, 'aggregation': 'mean', 'activation': 'relu', 'hidden_features': 64, 'act_int_bits': 1, 'act_frac_bits': 0, 'weight_int_bits': 2, 'weight_frac_bits': 1, 'in_tile_size': 1, 'out_tile_size': 3, 'aggr_tile_size': 2, 'attn_tile_size': 2, 'act_tile_size': 5}], Reward: 0 (0.787)
23-Sep-20 12:08:59 - Child Network: 28 (best: 21), Rollout: [{'attention': 'gcn', 'heads': 1, 'aggregation': 'max', 'activation': 'relu', 'hidden_features': 4, 'act_int_bits': 1, 'act_frac_bits': 4, 'weight_int_bits': 1, 'weight_frac_bits': 4, 'in_tile_size': 1, 'out_tile_size': 2, 'aggr_tile_size': 2, 'attn_tile_size': 4, 'act_tile_size': 2}], Reward: 0 (0.787)
23-Sep-20 12:08:59 - Child Network: 29 (best: 21), Rollout: [{'attention': 'gat', 'heads': 16, 'aggregation': 'mean', 'activation': 'sigmoid', 'hidden_features': 16, 'act_int_bits': 1, 'act_frac_bits': 5, 'weight_int_bits': 3, 'weight_frac_bits': 3, 'in_tile_size': 4, 'out_tile_size': 5, 'aggr_tile_size': 2, 'attn_tile_size': 8, 'act_tile_size': 3}], Reward: 0 (0.787)
23-Sep-20 12:08:59 - Child Network: 30 (best: 21), Rollout: [{'attention': 'gat', 'heads': 4, 'aggregation': 'add', 'activation': 'tanh', 'hidden_features': 4, 'act_int_bits': 2, 'act_frac_bits': 4, 'weight_int_bits': 3, 'weight_frac_bits': 1, 'in_tile_size': 5, 'out_tile_size': 4, 'aggr_tile_size': 4, 'attn_tile_size': 4, 'act_tile_size': 1}], Reward: 0 (0.787)
23-Sep-20 12:08:59 - Episode 7...
23-Sep-20 12:08:59 - Child Network: 31 (best: 21), Rollout: [{'attention': 'gat', 'heads': 16, 'aggregation': 'max', 'activation': 'sigmoid', 'hidden_features': 12, 'act_int_bits': 1, 'act_frac_bits': 5, 'weight_int_bits': 3, 'weight_frac_bits': 5, 'in_tile_size': 3, 'out_tile_size': 5, 'aggr_tile_size': 8, 'attn_tile_size': 8, 'act_tile_size': 1}], Reward: 0 (0.787)
23-Sep-20 12:08:59 - Child Network: 32 (best: 21), Rollout: [{'attention': 'gcn', 'heads': 2, 'aggregation': 'mean', 'activation': 'elu', 'hidden_features': 8, 'act_int_bits': 3, 'act_frac_bits': 2, 'weight_int_bits': 3, 'weight_frac_bits': 0, 'in_tile_size': 5, 'out_tile_size': 4, 'aggr_tile_size': 1, 'attn_tile_size': 4, 'act_tile_size': 2}], Reward: 0 (0.787)
23-Sep-20 12:08:59 - Child Network: 33 (best: 21), Rollout: [{'attention': 'constant', 'heads': 2, 'aggregation': 'max', 'activation': 'tanh', 'hidden_features': 8, 'act_int_bits': 2, 'act_frac_bits': 1, 'weight_int_bits': 2, 'weight_frac_bits': 4, 'in_tile_size': 5, 'out_tile_size': 1, 'aggr_tile_size': 8, 'attn_tile_size': 4, 'act_tile_size': 2}], Reward: 0 (0.787)
23-Sep-20 12:08:59 - Child Network: 34 (best: 21), Rollout: [{'attention': 'gcn', 'heads': 8, 'aggregation': 'max', 'activation': 'elu', 'hidden_features': 12, 'act_int_bits': 2, 'act_frac_bits': 2, 'weight_int_bits': 3, 'weight_frac_bits': 2, 'in_tile_size': 2, 'out_tile_size': 4, 'aggr_tile_size': 1, 'attn_tile_size': 4, 'act_tile_size': 2}], Reward: 0 (0.787)
23-Sep-20 12:08:59 - Child Network: 35 (best: 21), Rollout: [{'attention': 'gcn', 'heads': 2, 'aggregation': 'add', 'activation': 'tanh', 'hidden_features': 8, 'act_int_bits': 1, 'act_frac_bits': 5, 'weight_int_bits': 3, 'weight_frac_bits': 3, 'in_tile_size': 5, 'out_tile_size': 3, 'aggr_tile_size': 8, 'attn_tile_size': 4, 'act_tile_size': 3}], Reward: 0 (0.787)
23-Sep-20 12:08:59 - Episode 8...
23-Sep-20 12:08:59 - Child Network: 36 (best: 21), Rollout: [{'attention': 'constant', 'heads': 1, 'aggregation': 'mean', 'activation': 'elu', 'hidden_features': 8, 'act_int_bits': 1, 'act_frac_bits': 0, 'weight_int_bits': 2, 'weight_frac_bits': 4, 'in_tile_size': 5, 'out_tile_size': 3, 'aggr_tile_size': 2, 'attn_tile_size': 4, 'act_tile_size': 5}], Reward: 0 (0.787)
23-Sep-20 12:08:59 - Child Network: 37 (best: 21), Rollout: [{'attention': 'gat', 'heads': 16, 'aggregation': 'add', 'activation': 'sigmoid', 'hidden_features': 8, 'act_int_bits': 1, 'act_frac_bits': 0, 'weight_int_bits': 2, 'weight_frac_bits': 5, 'in_tile_size': 5, 'out_tile_size': 4, 'aggr_tile_size': 8, 'attn_tile_size': 1, 'act_tile_size': 3}], Reward: 0 (0.787)
23-Sep-20 12:08:59 - Child Network: 38 (best: 21), Rollout: [{'attention': 'constant', 'heads': 8, 'aggregation': 'mean', 'activation': 'tanh', 'hidden_features': 32, 'act_int_bits': 1, 'act_frac_bits': 6, 'weight_int_bits': 1, 'weight_frac_bits': 3, 'in_tile_size': 4, 'out_tile_size': 4, 'aggr_tile_size': 8, 'attn_tile_size': 2, 'act_tile_size': 4}], Reward: 0 (0.787)
23-Sep-20 12:08:59 - Child Network: 39 (best: 21), Rollout: [{'attention': 'gcn', 'heads': 2, 'aggregation': 'add', 'activation': 'elu', 'hidden_features': 64, 'act_int_bits': 1, 'act_frac_bits': 5, 'weight_int_bits': 3, 'weight_frac_bits': 3, 'in_tile_size': 2, 'out_tile_size': 2, 'aggr_tile_size': 4, 'attn_tile_size': 4, 'act_tile_size': 5}], Reward: 0 (0.787)
23-Sep-20 12:08:59 - Child Network: 40 (best: 21), Rollout: [{'attention': 'gat', 'heads': 16, 'aggregation': 'add', 'activation': 'relu', 'hidden_features': 8, 'act_int_bits': 3, 'act_frac_bits': 2, 'weight_int_bits': 1, 'weight_frac_bits': 4, 'in_tile_size': 3, 'out_tile_size': 5, 'aggr_tile_size': 8, 'attn_tile_size': 8, 'act_tile_size': 3}], Reward: 0 (0.787)
23-Sep-20 12:08:59 - Episode 9...
